<?xml version="1.0" encoding="utf-8"?>
<TestRun id="9d26ca41-f75f-4ae5-a77e-f4a924ee1d80" name="@fv-az788-431 2025-06-01 18:36:53" xmlns="http://microsoft.com/schemas/VisualStudio/TeamTest/2010">
  <Times creation="2025-06-01T18:36:53.6606742+00:00" queuing="2025-06-01T18:36:53.6606748+00:00" start="2025-06-01T18:36:48.5853835+00:00" finish="2025-06-01T18:36:53.6798548+00:00" />
  <TestSettings name="default" id="7870fc92-dd3e-4d86-a33a-7444fed148f7">
    <Deployment runDeploymentRoot="_fv-az788-431_2025-06-01_18_36_53" />
  </TestSettings>
  <Results>
    <UnitTestResult executionId="88925490-b542-4ef2-9831-97593e282ee4" testId="d4153468-b0d3-0e9b-ec51-4d0c68a8dffc" testName="Soma.Platform.Web.Tests.Services.AuthServiceTests.RegisterAsync_WithValidData_ShouldReturnSuccess" computerName="fv-az788-431" duration="00:00:00.0064846" startTime="2025-06-01T18:36:53.5084705+00:00" endTime="2025-06-01T18:36:53.5084706+00:00" testType="13cdc9d9-ddb5-4fa4-a97d-d965ccfc6d4b" outcome="Passed" testListId="8c84fa94-04c1-424b-9868-57a2d4851a1d" relativeResultsDirectory="88925490-b542-4ef2-9831-97593e282ee4" />
    <UnitTestResult executionId="7edb9357-535f-4481-939f-a17f13da883e" testId="9cf4e35b-900a-48fb-9ff9-6e68624f7fe0" testName="Soma.Platform.Web.Tests.Services.AuthServiceTests.LoginAsync_WithValidCredentials_ShouldReturnSuccess" computerName="fv-az788-431" duration="00:00:00.2237272" startTime="2025-06-01T18:36:53.5027140+00:00" endTime="2025-06-01T18:36:53.5027142+00:00" testType="13cdc9d9-ddb5-4fa4-a97d-d965ccfc6d4b" outcome="Passed" testListId="8c84fa94-04c1-424b-9868-57a2d4851a1d" relativeResultsDirectory="7edb9357-535f-4481-939f-a17f13da883e" />
    <UnitTestResult executionId="952d79cd-2080-42da-9fc4-9f82b5adf9dc" testId="fdae5040-b77a-22b7-09f9-97ea8b13dd61" testName="Soma.Platform.Web.Tests.Services.EmailVerificationLoginTests.LoginAsync_WithUnverifiedEmail_ShouldReturnCorrectErrorMessage" computerName="fv-az788-431" duration="00:00:00.1471027" startTime="2025-06-01T18:36:53.4395023+00:00" endTime="2025-06-01T18:36:53.4395587+00:00" testType="13cdc9d9-ddb5-4fa4-a97d-d965ccfc6d4b" outcome="Passed" testListId="8c84fa94-04c1-424b-9868-57a2d4851a1d" relativeResultsDirectory="952d79cd-2080-42da-9fc4-9f82b5adf9dc" />
    <UnitTestResult executionId="d9bda108-5dc6-49e3-8043-98405b955563" testId="f416e3ee-8d8f-a08c-0e30-8f12f5959115" testName="Soma.Platform.Web.Tests.Services.AuthServiceTests.CurrentToken_WhenNoToken_ShouldReturnNull" computerName="fv-az788-431" duration="00:00:00.0016604" startTime="2025-06-01T18:36:53.5117074+00:00" endTime="2025-06-01T18:36:53.5117075+00:00" testType="13cdc9d9-ddb5-4fa4-a97d-d965ccfc6d4b" outcome="Passed" testListId="8c84fa94-04c1-424b-9868-57a2d4851a1d" relativeResultsDirectory="d9bda108-5dc6-49e3-8043-98405b955563" />
    <UnitTestResult executionId="078ee458-10f4-49cb-b74b-cf1427157be0" testId="655140b0-eac7-a31a-0a4c-c8a0f520f5da" testName="Soma.Platform.Web.Tests.Services.EmailVerificationLoginTests.LoginAsync_WithBackendError_ShouldReturnApiErrorMessage" computerName="fv-az788-431" duration="00:00:00.0083573" startTime="2025-06-01T18:36:53.4555417+00:00" endTime="2025-06-01T18:36:53.4555418+00:00" testType="13cdc9d9-ddb5-4fa4-a97d-d965ccfc6d4b" outcome="Passed" testListId="8c84fa94-04c1-424b-9868-57a2d4851a1d" relativeResultsDirectory="078ee458-10f4-49cb-b74b-cf1427157be0" />
    <UnitTestResult executionId="d695f906-f039-483c-a77c-d97fabe2e79f" testId="13fa97dd-c4a4-6036-e647-3c903f4a8990" testName="Soma.Platform.Web.Tests.Services.AuthServiceTests.IsAuthenticated_WhenNoToken_ShouldReturnFalse" computerName="fv-az788-431" duration="00:00:00.0005942" startTime="2025-06-01T18:36:53.5117945+00:00" endTime="2025-06-01T18:36:53.5117945+00:00" testType="13cdc9d9-ddb5-4fa4-a97d-d965ccfc6d4b" outcome="Passed" testListId="8c84fa94-04c1-424b-9868-57a2d4851a1d" relativeResultsDirectory="d695f906-f039-483c-a77c-d97fabe2e79f" />
  </Results>
  <TestDefinitions>
    <UnitTest name="Soma.Platform.Web.Tests.Services.EmailVerificationLoginTests.LoginAsync_WithBackendError_ShouldReturnApiErrorMessage" storage="/home/runner/work/soma/soma/tests/soma.platform.web.tests/bin/debug/net8.0/soma.platform.web.tests.dll" id="655140b0-eac7-a31a-0a4c-c8a0f520f5da">
      <Execution id="078ee458-10f4-49cb-b74b-cf1427157be0" />
      <TestMethod codeBase="/home/runner/work/soma/soma/tests/Soma.Platform.Web.Tests/bin/Debug/net8.0/Soma.Platform.Web.Tests.dll" adapterTypeName="executor://xunit/VsTestRunner2/netcoreapp" className="Soma.Platform.Web.Tests.Services.EmailVerificationLoginTests" name="LoginAsync_WithBackendError_ShouldReturnApiErrorMessage" />
    </UnitTest>
    <UnitTest name="Soma.Platform.Web.Tests.Services.AuthServiceTests.IsAuthenticated_WhenNoToken_ShouldReturnFalse" storage="/home/runner/work/soma/soma/tests/soma.platform.web.tests/bin/debug/net8.0/soma.platform.web.tests.dll" id="13fa97dd-c4a4-6036-e647-3c903f4a8990">
      <Execution id="d695f906-f039-483c-a77c-d97fabe2e79f" />
      <TestMethod codeBase="/home/runner/work/soma/soma/tests/Soma.Platform.Web.Tests/bin/Debug/net8.0/Soma.Platform.Web.Tests.dll" adapterTypeName="executor://xunit/VsTestRunner2/netcoreapp" className="Soma.Platform.Web.Tests.Services.AuthServiceTests" name="IsAuthenticated_WhenNoToken_ShouldReturnFalse" />
    </UnitTest>
    <UnitTest name="Soma.Platform.Web.Tests.Services.AuthServiceTests.CurrentToken_WhenNoToken_ShouldReturnNull" storage="/home/runner/work/soma/soma/tests/soma.platform.web.tests/bin/debug/net8.0/soma.platform.web.tests.dll" id="f416e3ee-8d8f-a08c-0e30-8f12f5959115">
      <Execution id="d9bda108-5dc6-49e3-8043-98405b955563" />
      <TestMethod codeBase="/home/runner/work/soma/soma/tests/Soma.Platform.Web.Tests/bin/Debug/net8.0/Soma.Platform.Web.Tests.dll" adapterTypeName="executor://xunit/VsTestRunner2/netcoreapp" className="Soma.Platform.Web.Tests.Services.AuthServiceTests" name="CurrentToken_WhenNoToken_ShouldReturnNull" />
    </UnitTest>
    <UnitTest name="Soma.Platform.Web.Tests.Services.AuthServiceTests.RegisterAsync_WithValidData_ShouldReturnSuccess" storage="/home/runner/work/soma/soma/tests/soma.platform.web.tests/bin/debug/net8.0/soma.platform.web.tests.dll" id="d4153468-b0d3-0e9b-ec51-4d0c68a8dffc">
      <Execution id="88925490-b542-4ef2-9831-97593e282ee4" />
      <TestMethod codeBase="/home/runner/work/soma/soma/tests/Soma.Platform.Web.Tests/bin/Debug/net8.0/Soma.Platform.Web.Tests.dll" adapterTypeName="executor://xunit/VsTestRunner2/netcoreapp" className="Soma.Platform.Web.Tests.Services.AuthServiceTests" name="RegisterAsync_WithValidData_ShouldReturnSuccess" />
    </UnitTest>
    <UnitTest name="Soma.Platform.Web.Tests.Services.EmailVerificationLoginTests.LoginAsync_WithUnverifiedEmail_ShouldReturnCorrectErrorMessage" storage="/home/runner/work/soma/soma/tests/soma.platform.web.tests/bin/debug/net8.0/soma.platform.web.tests.dll" id="fdae5040-b77a-22b7-09f9-97ea8b13dd61">
      <Execution id="952d79cd-2080-42da-9fc4-9f82b5adf9dc" />
      <TestMethod codeBase="/home/runner/work/soma/soma/tests/Soma.Platform.Web.Tests/bin/Debug/net8.0/Soma.Platform.Web.Tests.dll" adapterTypeName="executor://xunit/VsTestRunner2/netcoreapp" className="Soma.Platform.Web.Tests.Services.EmailVerificationLoginTests" name="LoginAsync_WithUnverifiedEmail_ShouldReturnCorrectErrorMessage" />
    </UnitTest>
    <UnitTest name="Soma.Platform.Web.Tests.Services.AuthServiceTests.LoginAsync_WithValidCredentials_ShouldReturnSuccess" storage="/home/runner/work/soma/soma/tests/soma.platform.web.tests/bin/debug/net8.0/soma.platform.web.tests.dll" id="9cf4e35b-900a-48fb-9ff9-6e68624f7fe0">
      <Execution id="7edb9357-535f-4481-939f-a17f13da883e" />
      <TestMethod codeBase="/home/runner/work/soma/soma/tests/Soma.Platform.Web.Tests/bin/Debug/net8.0/Soma.Platform.Web.Tests.dll" adapterTypeName="executor://xunit/VsTestRunner2/netcoreapp" className="Soma.Platform.Web.Tests.Services.AuthServiceTests" name="LoginAsync_WithValidCredentials_ShouldReturnSuccess" />
    </UnitTest>
  </TestDefinitions>
  <TestEntries>
    <TestEntry testId="d4153468-b0d3-0e9b-ec51-4d0c68a8dffc" executionId="88925490-b542-4ef2-9831-97593e282ee4" testListId="8c84fa94-04c1-424b-9868-57a2d4851a1d" />
    <TestEntry testId="9cf4e35b-900a-48fb-9ff9-6e68624f7fe0" executionId="7edb9357-535f-4481-939f-a17f13da883e" testListId="8c84fa94-04c1-424b-9868-57a2d4851a1d" />
    <TestEntry testId="fdae5040-b77a-22b7-09f9-97ea8b13dd61" executionId="952d79cd-2080-42da-9fc4-9f82b5adf9dc" testListId="8c84fa94-04c1-424b-9868-57a2d4851a1d" />
    <TestEntry testId="f416e3ee-8d8f-a08c-0e30-8f12f5959115" executionId="d9bda108-5dc6-49e3-8043-98405b955563" testListId="8c84fa94-04c1-424b-9868-57a2d4851a1d" />
    <TestEntry testId="655140b0-eac7-a31a-0a4c-c8a0f520f5da" executionId="078ee458-10f4-49cb-b74b-cf1427157be0" testListId="8c84fa94-04c1-424b-9868-57a2d4851a1d" />
    <TestEntry testId="13fa97dd-c4a4-6036-e647-3c903f4a8990" executionId="d695f906-f039-483c-a77c-d97fabe2e79f" testListId="8c84fa94-04c1-424b-9868-57a2d4851a1d" />
  </TestEntries>
  <TestLists>
    <TestList name="Results Not in a List" id="8c84fa94-04c1-424b-9868-57a2d4851a1d" />
    <TestList name="All Loaded Results" id="19431567-8539-422a-85d7-44ee4e166bda" />
  </TestLists>
  <ResultSummary outcome="Completed">
    <Counters total="6" executed="6" passed="6" failed="0" error="0" timeout="0" aborted="0" inconclusive="0" passedButRunAborted="0" notRunnable="0" notExecuted="0" disconnected="0" warning="0" completed="0" inProgress="0" pending="0" />
    <Output>
      <StdOut>[xUnit.net 00:00:00.00] xUnit.net VSTest Adapter v2.4.5+1caef2f33e (64-bit .NET 8.0.16)
[xUnit.net 00:00:03.69]   Discovering: Soma.Platform.Web.Tests
[xUnit.net 00:00:03.72]   Discovered:  Soma.Platform.Web.Tests
[xUnit.net 00:00:03.73]   Starting:    Soma.Platform.Web.Tests
[xUnit.net 00:00:04.02]   Finished:    Soma.Platform.Web.Tests
</StdOut>
    </Output>
  </ResultSummary>
</TestRun>