<?xml version="1.0" encoding="utf-8"?>
<TestRun id="a3c3573a-53ea-46b2-b9c4-9f01f8244449" name="@fv-az788-431 2025-06-01 18:38:05" xmlns="http://microsoft.com/schemas/VisualStudio/TeamTest/2010">
  <Times creation="2025-06-01T18:38:05.8520366+00:00" queuing="2025-06-01T18:38:05.8520367+00:00" start="2025-06-01T18:38:03.7348585+00:00" finish="2025-06-01T18:38:05.8626892+00:00" />
  <TestSettings name="default" id="af553115-b89e-458f-92cf-d87ff48220b0">
    <Deployment runDeploymentRoot="_fv-az788-431_2025-06-01_18_38_05" />
  </TestSettings>
  <Results>
    <UnitTestResult executionId="72462930-56ae-4e09-b32c-9e0ee8f7bae9" testId="d4153468-b0d3-0e9b-ec51-4d0c68a8dffc" testName="Soma.Platform.Web.Tests.Services.AuthServiceTests.RegisterAsync_WithValidData_ShouldReturnSuccess" computerName="fv-az788-431" duration="00:00:00.0044787" startTime="2025-06-01T18:38:05.7136455+00:00" endTime="2025-06-01T18:38:05.7136456+00:00" testType="13cdc9d9-ddb5-4fa4-a97d-d965ccfc6d4b" outcome="Passed" testListId="8c84fa94-04c1-424b-9868-57a2d4851a1d" relativeResultsDirectory="72462930-56ae-4e09-b32c-9e0ee8f7bae9" />
    <UnitTestResult executionId="fe9740cf-cde5-4521-be45-cc9479ec2e05" testId="9cf4e35b-900a-48fb-9ff9-6e68624f7fe0" testName="Soma.Platform.Web.Tests.Services.AuthServiceTests.LoginAsync_WithValidCredentials_ShouldReturnSuccess" computerName="fv-az788-431" duration="00:00:00.1230558" startTime="2025-06-01T18:38:05.7090894+00:00" endTime="2025-06-01T18:38:05.7090895+00:00" testType="13cdc9d9-ddb5-4fa4-a97d-d965ccfc6d4b" outcome="Passed" testListId="8c84fa94-04c1-424b-9868-57a2d4851a1d" relativeResultsDirectory="fe9740cf-cde5-4521-be45-cc9479ec2e05" />
    <UnitTestResult executionId="fe710733-0abf-417e-90e9-b1cb7d75afb9" testId="655140b0-eac7-a31a-0a4c-c8a0f520f5da" testName="Soma.Platform.Web.Tests.Services.EmailVerificationLoginTests.LoginAsync_WithBackendError_ShouldReturnApiErrorMessage" computerName="fv-az788-431" duration="00:00:00.0018227" startTime="2025-06-01T18:38:05.6932128+00:00" endTime="2025-06-01T18:38:05.6932129+00:00" testType="13cdc9d9-ddb5-4fa4-a97d-d965ccfc6d4b" outcome="Passed" testListId="8c84fa94-04c1-424b-9868-57a2d4851a1d" relativeResultsDirectory="fe710733-0abf-417e-90e9-b1cb7d75afb9" />
    <UnitTestResult executionId="186e2c22-4706-4b69-9c06-07386240c591" testId="13fa97dd-c4a4-6036-e647-3c903f4a8990" testName="Soma.Platform.Web.Tests.Services.AuthServiceTests.IsAuthenticated_WhenNoToken_ShouldReturnFalse" computerName="fv-az788-431" duration="00:00:00.0004476" startTime="2025-06-01T18:38:05.7155078+00:00" endTime="2025-06-01T18:38:05.7155079+00:00" testType="13cdc9d9-ddb5-4fa4-a97d-d965ccfc6d4b" outcome="Passed" testListId="8c84fa94-04c1-424b-9868-57a2d4851a1d" relativeResultsDirectory="186e2c22-4706-4b69-9c06-07386240c591" />
    <UnitTestResult executionId="75df18f7-e992-4a14-b6bc-795979d3528d" testId="f416e3ee-8d8f-a08c-0e30-8f12f5959115" testName="Soma.Platform.Web.Tests.Services.AuthServiceTests.CurrentToken_WhenNoToken_ShouldReturnNull" computerName="fv-az788-431" duration="00:00:00.0012224" startTime="2025-06-01T18:38:05.7149751+00:00" endTime="2025-06-01T18:38:05.7149752+00:00" testType="13cdc9d9-ddb5-4fa4-a97d-d965ccfc6d4b" outcome="Passed" testListId="8c84fa94-04c1-424b-9868-57a2d4851a1d" relativeResultsDirectory="75df18f7-e992-4a14-b6bc-795979d3528d" />
    <UnitTestResult executionId="7c2268df-3ca1-494d-9e43-21bc853f7fda" testId="fdae5040-b77a-22b7-09f9-97ea8b13dd61" testName="Soma.Platform.Web.Tests.Services.EmailVerificationLoginTests.LoginAsync_WithUnverifiedEmail_ShouldReturnCorrectErrorMessage" computerName="fv-az788-431" duration="00:00:00.0947751" startTime="2025-06-01T18:38:05.6874624+00:00" endTime="2025-06-01T18:38:05.6875061+00:00" testType="13cdc9d9-ddb5-4fa4-a97d-d965ccfc6d4b" outcome="Passed" testListId="8c84fa94-04c1-424b-9868-57a2d4851a1d" relativeResultsDirectory="7c2268df-3ca1-494d-9e43-21bc853f7fda" />
  </Results>
  <TestDefinitions>
    <UnitTest name="Soma.Platform.Web.Tests.Services.EmailVerificationLoginTests.LoginAsync_WithBackendError_ShouldReturnApiErrorMessage" storage="/home/runner/work/soma/soma/tests/soma.platform.web.tests/bin/debug/net8.0/soma.platform.web.tests.dll" id="655140b0-eac7-a31a-0a4c-c8a0f520f5da">
      <Execution id="fe710733-0abf-417e-90e9-b1cb7d75afb9" />
      <TestMethod codeBase="/home/runner/work/soma/soma/tests/Soma.Platform.Web.Tests/bin/Debug/net8.0/Soma.Platform.Web.Tests.dll" adapterTypeName="executor://xunit/VsTestRunner2/netcoreapp" className="Soma.Platform.Web.Tests.Services.EmailVerificationLoginTests" name="LoginAsync_WithBackendError_ShouldReturnApiErrorMessage" />
    </UnitTest>
    <UnitTest name="Soma.Platform.Web.Tests.Services.AuthServiceTests.IsAuthenticated_WhenNoToken_ShouldReturnFalse" storage="/home/runner/work/soma/soma/tests/soma.platform.web.tests/bin/debug/net8.0/soma.platform.web.tests.dll" id="13fa97dd-c4a4-6036-e647-3c903f4a8990">
      <Execution id="186e2c22-4706-4b69-9c06-07386240c591" />
      <TestMethod codeBase="/home/runner/work/soma/soma/tests/Soma.Platform.Web.Tests/bin/Debug/net8.0/Soma.Platform.Web.Tests.dll" adapterTypeName="executor://xunit/VsTestRunner2/netcoreapp" className="Soma.Platform.Web.Tests.Services.AuthServiceTests" name="IsAuthenticated_WhenNoToken_ShouldReturnFalse" />
    </UnitTest>
    <UnitTest name="Soma.Platform.Web.Tests.Services.AuthServiceTests.CurrentToken_WhenNoToken_ShouldReturnNull" storage="/home/runner/work/soma/soma/tests/soma.platform.web.tests/bin/debug/net8.0/soma.platform.web.tests.dll" id="f416e3ee-8d8f-a08c-0e30-8f12f5959115">
      <Execution id="75df18f7-e992-4a14-b6bc-795979d3528d" />
      <TestMethod codeBase="/home/runner/work/soma/soma/tests/Soma.Platform.Web.Tests/bin/Debug/net8.0/Soma.Platform.Web.Tests.dll" adapterTypeName="executor://xunit/VsTestRunner2/netcoreapp" className="Soma.Platform.Web.Tests.Services.AuthServiceTests" name="CurrentToken_WhenNoToken_ShouldReturnNull" />
    </UnitTest>
    <UnitTest name="Soma.Platform.Web.Tests.Services.AuthServiceTests.RegisterAsync_WithValidData_ShouldReturnSuccess" storage="/home/runner/work/soma/soma/tests/soma.platform.web.tests/bin/debug/net8.0/soma.platform.web.tests.dll" id="d4153468-b0d3-0e9b-ec51-4d0c68a8dffc">
      <Execution id="72462930-56ae-4e09-b32c-9e0ee8f7bae9" />
      <TestMethod codeBase="/home/runner/work/soma/soma/tests/Soma.Platform.Web.Tests/bin/Debug/net8.0/Soma.Platform.Web.Tests.dll" adapterTypeName="executor://xunit/VsTestRunner2/netcoreapp" className="Soma.Platform.Web.Tests.Services.AuthServiceTests" name="RegisterAsync_WithValidData_ShouldReturnSuccess" />
    </UnitTest>
    <UnitTest name="Soma.Platform.Web.Tests.Services.EmailVerificationLoginTests.LoginAsync_WithUnverifiedEmail_ShouldReturnCorrectErrorMessage" storage="/home/runner/work/soma/soma/tests/soma.platform.web.tests/bin/debug/net8.0/soma.platform.web.tests.dll" id="fdae5040-b77a-22b7-09f9-97ea8b13dd61">
      <Execution id="7c2268df-3ca1-494d-9e43-21bc853f7fda" />
      <TestMethod codeBase="/home/runner/work/soma/soma/tests/Soma.Platform.Web.Tests/bin/Debug/net8.0/Soma.Platform.Web.Tests.dll" adapterTypeName="executor://xunit/VsTestRunner2/netcoreapp" className="Soma.Platform.Web.Tests.Services.EmailVerificationLoginTests" name="LoginAsync_WithUnverifiedEmail_ShouldReturnCorrectErrorMessage" />
    </UnitTest>
    <UnitTest name="Soma.Platform.Web.Tests.Services.AuthServiceTests.LoginAsync_WithValidCredentials_ShouldReturnSuccess" storage="/home/runner/work/soma/soma/tests/soma.platform.web.tests/bin/debug/net8.0/soma.platform.web.tests.dll" id="9cf4e35b-900a-48fb-9ff9-6e68624f7fe0">
      <Execution id="fe9740cf-cde5-4521-be45-cc9479ec2e05" />
      <TestMethod codeBase="/home/runner/work/soma/soma/tests/Soma.Platform.Web.Tests/bin/Debug/net8.0/Soma.Platform.Web.Tests.dll" adapterTypeName="executor://xunit/VsTestRunner2/netcoreapp" className="Soma.Platform.Web.Tests.Services.AuthServiceTests" name="LoginAsync_WithValidCredentials_ShouldReturnSuccess" />
    </UnitTest>
  </TestDefinitions>
  <TestEntries>
    <TestEntry testId="d4153468-b0d3-0e9b-ec51-4d0c68a8dffc" executionId="72462930-56ae-4e09-b32c-9e0ee8f7bae9" testListId="8c84fa94-04c1-424b-9868-57a2d4851a1d" />
    <TestEntry testId="9cf4e35b-900a-48fb-9ff9-6e68624f7fe0" executionId="fe9740cf-cde5-4521-be45-cc9479ec2e05" testListId="8c84fa94-04c1-424b-9868-57a2d4851a1d" />
    <TestEntry testId="655140b0-eac7-a31a-0a4c-c8a0f520f5da" executionId="fe710733-0abf-417e-90e9-b1cb7d75afb9" testListId="8c84fa94-04c1-424b-9868-57a2d4851a1d" />
    <TestEntry testId="13fa97dd-c4a4-6036-e647-3c903f4a8990" executionId="186e2c22-4706-4b69-9c06-07386240c591" testListId="8c84fa94-04c1-424b-9868-57a2d4851a1d" />
    <TestEntry testId="f416e3ee-8d8f-a08c-0e30-8f12f5959115" executionId="75df18f7-e992-4a14-b6bc-795979d3528d" testListId="8c84fa94-04c1-424b-9868-57a2d4851a1d" />
    <TestEntry testId="fdae5040-b77a-22b7-09f9-97ea8b13dd61" executionId="7c2268df-3ca1-494d-9e43-21bc853f7fda" testListId="8c84fa94-04c1-424b-9868-57a2d4851a1d" />
  </TestEntries>
  <TestLists>
    <TestList name="Results Not in a List" id="8c84fa94-04c1-424b-9868-57a2d4851a1d" />
    <TestList name="All Loaded Results" id="19431567-8539-422a-85d7-44ee4e166bda" />
  </TestLists>
  <ResultSummary outcome="Completed">
    <Counters total="6" executed="6" passed="6" failed="0" error="0" timeout="0" aborted="0" inconclusive="0" passedButRunAborted="0" notRunnable="0" notExecuted="0" disconnected="0" warning="0" completed="0" inProgress="0" pending="0" />
    <Output>
      <StdOut>[xUnit.net 00:00:00.00] xUnit.net VSTest Adapter v2.4.5+1caef2f33e (64-bit .NET 8.0.16)
[xUnit.net 00:00:01.13]   Discovering: Soma.Platform.Web.Tests
[xUnit.net 00:00:01.16]   Discovered:  Soma.Platform.Web.Tests
[xUnit.net 00:00:01.17]   Starting:    Soma.Platform.Web.Tests
[xUnit.net 00:00:01.35]   Finished:    Soma.Platform.Web.Tests
</StdOut>
    </Output>
  </ResultSummary>
</TestRun>