<?xml version="1.0" encoding="utf-8"?>
<TestRun id="132764e1-c333-4126-9807-a399f83961b4" name="@fv-az788-431 2025-06-01 18:36:47" xmlns="http://microsoft.com/schemas/VisualStudio/TeamTest/2010">
  <Times creation="2025-06-01T18:36:47.0908387+00:00" queuing="2025-06-01T18:36:47.0908387+00:00" start="2025-06-01T18:36:43.1284922+00:00" finish="2025-06-01T18:36:47.1002503+00:00" />
  <TestSettings name="default" id="eff24f26-cf77-4250-8f10-25774c2edfd6">
    <Deployment runDeploymentRoot="_fv-az788-431_2025-06-01_18_36_47" />
  </TestSettings>
  <Results>
    <UnitTestResult executionId="c17ab025-db90-4cc3-a854-aa53db821a3f" testId="43809241-fe42-b89e-18f9-c83a788d8010" testName="Soma.Platform.E2E.Tests.AuthenticationE2ETests.LoginPage_ShouldLoadAndShowLoginForm" computerName="fv-az788-431" duration="00:00:00.0010000" startTime="2025-06-01T18:36:46.0725453+00:00" endTime="2025-06-01T18:36:46.0726078+00:00" testType="13cdc9d9-ddb5-4fa4-a97d-d965ccfc6d4b" outcome="Failed" testListId="8c84fa94-04c1-424b-9868-57a2d4851a1d" relativeResultsDirectory="c17ab025-db90-4cc3-a854-aa53db821a3f">
      <Output>
        <ErrorInfo>
          <Message>Microsoft.Playwright.PlaywrightException : Executable doesn't exist at /home/runner/.cache/ms-playwright/chromium-1091/chrome-linux/chrome
╔════════════════════════════════════════════════════════════╗
║ Looks like Playwright was just installed or updated.       ║
║ Please run the following command to download new browsers: ║
║                                                            ║
║     pwsh bin/Debug/netX/playwright.ps1 install             ║
║                                                            ║
║ &lt;3 Playwright Team                                         ║
╚════════════════════════════════════════════════════════════╝</Message>
          <StackTrace>   at Microsoft.Playwright.Transport.Connection.InnerSendMessageToServerAsync[T](ChannelOwnerBase object, String method, Dictionary`2 dictionary, Boolean keepNulls) in /_/src/Playwright/Transport/Connection.cs:line 209
   at Microsoft.Playwright.Transport.Connection.WrapApiCallAsync[T](Func`1 action, Boolean isInternal) in /_/src/Playwright/Transport/Connection.cs:line 535
   at Microsoft.Playwright.Core.BrowserType.LaunchAsync(BrowserTypeLaunchOptions options) in /_/src/Playwright/Core/BrowserType.cs:line 63
   at Soma.Platform.E2E.Tests.AuthenticationE2ETests.InitializeAsync() in /home/runner/work/soma/soma/tests/Soma.Platform.E2E.Tests/UnitTest1.cs:line 16</StackTrace>
        </ErrorInfo>
      </Output>
    </UnitTestResult>
    <UnitTestResult executionId="ad5b4fe4-8d09-4ca7-97ee-d1315126f0d4" testId="83dc8e7b-7493-4693-0b20-89a816329bf7" testName="Soma.Platform.E2E.Tests.AuthenticationE2ETests.LoginFlow_WithValidCredentials_ShouldRedirectToDashboard" computerName="fv-az788-431" duration="00:00:00.0010000" startTime="2025-06-01T18:36:46.3774567+00:00" endTime="2025-06-01T18:36:46.3774573+00:00" testType="13cdc9d9-ddb5-4fa4-a97d-d965ccfc6d4b" outcome="Failed" testListId="8c84fa94-04c1-424b-9868-57a2d4851a1d" relativeResultsDirectory="ad5b4fe4-8d09-4ca7-97ee-d1315126f0d4">
      <Output>
        <ErrorInfo>
          <Message>Microsoft.Playwright.PlaywrightException : Executable doesn't exist at /home/runner/.cache/ms-playwright/chromium-1091/chrome-linux/chrome
╔════════════════════════════════════════════════════════════╗
║ Looks like Playwright was just installed or updated.       ║
║ Please run the following command to download new browsers: ║
║                                                            ║
║     pwsh bin/Debug/netX/playwright.ps1 install             ║
║                                                            ║
║ &lt;3 Playwright Team                                         ║
╚════════════════════════════════════════════════════════════╝</Message>
          <StackTrace>   at Microsoft.Playwright.Transport.Connection.InnerSendMessageToServerAsync[T](ChannelOwnerBase object, String method, Dictionary`2 dictionary, Boolean keepNulls) in /_/src/Playwright/Transport/Connection.cs:line 209
   at Microsoft.Playwright.Transport.Connection.WrapApiCallAsync[T](Func`1 action, Boolean isInternal) in /_/src/Playwright/Transport/Connection.cs:line 535
   at Microsoft.Playwright.Core.BrowserType.LaunchAsync(BrowserTypeLaunchOptions options) in /_/src/Playwright/Core/BrowserType.cs:line 63
   at Soma.Platform.E2E.Tests.AuthenticationE2ETests.InitializeAsync() in /home/runner/work/soma/soma/tests/Soma.Platform.E2E.Tests/UnitTest1.cs:line 16</StackTrace>
        </ErrorInfo>
      </Output>
    </UnitTestResult>
    <UnitTestResult executionId="353e515d-b4ad-412a-bd42-d04c8b5ffe8b" testId="28668c70-9990-72f9-c803-387fd62e8364" testName="Soma.Platform.E2E.Tests.AuthenticationE2ETests.UserRegistrationFlow_ShouldCompleteSuccessfully" computerName="fv-az788-431" duration="00:00:00.0010000" startTime="2025-06-01T18:36:46.9028815+00:00" endTime="2025-06-01T18:36:46.9028818+00:00" testType="13cdc9d9-ddb5-4fa4-a97d-d965ccfc6d4b" outcome="Failed" testListId="8c84fa94-04c1-424b-9868-57a2d4851a1d" relativeResultsDirectory="353e515d-b4ad-412a-bd42-d04c8b5ffe8b">
      <Output>
        <ErrorInfo>
          <Message>Microsoft.Playwright.PlaywrightException : Executable doesn't exist at /home/runner/.cache/ms-playwright/chromium-1091/chrome-linux/chrome
╔════════════════════════════════════════════════════════════╗
║ Looks like Playwright was just installed or updated.       ║
║ Please run the following command to download new browsers: ║
║                                                            ║
║     pwsh bin/Debug/netX/playwright.ps1 install             ║
║                                                            ║
║ &lt;3 Playwright Team                                         ║
╚════════════════════════════════════════════════════════════╝</Message>
          <StackTrace>   at Microsoft.Playwright.Transport.Connection.InnerSendMessageToServerAsync[T](ChannelOwnerBase object, String method, Dictionary`2 dictionary, Boolean keepNulls) in /_/src/Playwright/Transport/Connection.cs:line 209
   at Microsoft.Playwright.Transport.Connection.WrapApiCallAsync[T](Func`1 action, Boolean isInternal) in /_/src/Playwright/Transport/Connection.cs:line 535
   at Microsoft.Playwright.Core.BrowserType.LaunchAsync(BrowserTypeLaunchOptions options) in /_/src/Playwright/Core/BrowserType.cs:line 63
   at Soma.Platform.E2E.Tests.AuthenticationE2ETests.InitializeAsync() in /home/runner/work/soma/soma/tests/Soma.Platform.E2E.Tests/UnitTest1.cs:line 16</StackTrace>
        </ErrorInfo>
      </Output>
    </UnitTestResult>
  </Results>
  <TestDefinitions>
    <UnitTest name="Soma.Platform.E2E.Tests.AuthenticationE2ETests.LoginFlow_WithValidCredentials_ShouldRedirectToDashboard" storage="/home/runner/work/soma/soma/tests/soma.platform.e2e.tests/bin/debug/net8.0/soma.platform.e2e.tests.dll" id="83dc8e7b-7493-4693-0b20-89a816329bf7">
      <Execution id="ad5b4fe4-8d09-4ca7-97ee-d1315126f0d4" />
      <TestMethod codeBase="/home/runner/work/soma/soma/tests/Soma.Platform.E2E.Tests/bin/Debug/net8.0/Soma.Platform.E2E.Tests.dll" adapterTypeName="executor://xunit/VsTestRunner2/netcoreapp" className="Soma.Platform.E2E.Tests.AuthenticationE2ETests" name="LoginFlow_WithValidCredentials_ShouldRedirectToDashboard" />
    </UnitTest>
    <UnitTest name="Soma.Platform.E2E.Tests.AuthenticationE2ETests.LoginPage_ShouldLoadAndShowLoginForm" storage="/home/runner/work/soma/soma/tests/soma.platform.e2e.tests/bin/debug/net8.0/soma.platform.e2e.tests.dll" id="43809241-fe42-b89e-18f9-c83a788d8010">
      <Execution id="c17ab025-db90-4cc3-a854-aa53db821a3f" />
      <TestMethod codeBase="/home/runner/work/soma/soma/tests/Soma.Platform.E2E.Tests/bin/Debug/net8.0/Soma.Platform.E2E.Tests.dll" adapterTypeName="executor://xunit/VsTestRunner2/netcoreapp" className="Soma.Platform.E2E.Tests.AuthenticationE2ETests" name="LoginPage_ShouldLoadAndShowLoginForm" />
    </UnitTest>
    <UnitTest name="Soma.Platform.E2E.Tests.AuthenticationE2ETests.UserRegistrationFlow_ShouldCompleteSuccessfully" storage="/home/runner/work/soma/soma/tests/soma.platform.e2e.tests/bin/debug/net8.0/soma.platform.e2e.tests.dll" id="28668c70-9990-72f9-c803-387fd62e8364">
      <Execution id="353e515d-b4ad-412a-bd42-d04c8b5ffe8b" />
      <TestMethod codeBase="/home/runner/work/soma/soma/tests/Soma.Platform.E2E.Tests/bin/Debug/net8.0/Soma.Platform.E2E.Tests.dll" adapterTypeName="executor://xunit/VsTestRunner2/netcoreapp" className="Soma.Platform.E2E.Tests.AuthenticationE2ETests" name="UserRegistrationFlow_ShouldCompleteSuccessfully" />
    </UnitTest>
  </TestDefinitions>
  <TestEntries>
    <TestEntry testId="43809241-fe42-b89e-18f9-c83a788d8010" executionId="c17ab025-db90-4cc3-a854-aa53db821a3f" testListId="8c84fa94-04c1-424b-9868-57a2d4851a1d" />
    <TestEntry testId="83dc8e7b-7493-4693-0b20-89a816329bf7" executionId="ad5b4fe4-8d09-4ca7-97ee-d1315126f0d4" testListId="8c84fa94-04c1-424b-9868-57a2d4851a1d" />
    <TestEntry testId="28668c70-9990-72f9-c803-387fd62e8364" executionId="353e515d-b4ad-412a-bd42-d04c8b5ffe8b" testListId="8c84fa94-04c1-424b-9868-57a2d4851a1d" />
  </TestEntries>
  <TestLists>
    <TestList name="Results Not in a List" id="8c84fa94-04c1-424b-9868-57a2d4851a1d" />
    <TestList name="All Loaded Results" id="19431567-8539-422a-85d7-44ee4e166bda" />
  </TestLists>
  <ResultSummary outcome="Failed">
    <Counters total="3" executed="3" passed="0" failed="3" error="0" timeout="0" aborted="0" inconclusive="0" passedButRunAborted="0" notRunnable="0" notExecuted="0" disconnected="0" warning="0" completed="0" inProgress="0" pending="0" />
    <Output>
      <StdOut>[xUnit.net 00:00:00.00] xUnit.net VSTest Adapter v2.4.5+1caef2f33e (64-bit .NET 8.0.16)
[xUnit.net 00:00:01.53]   Discovering: Soma.Platform.E2E.Tests
[xUnit.net 00:00:01.57]   Discovered:  Soma.Platform.E2E.Tests
[xUnit.net 00:00:01.58]   Starting:    Soma.Platform.E2E.Tests
[xUnit.net 00:00:02.24]       Microsoft.Playwright.PlaywrightException : Executable doesn't exist at /home/runner/.cache/ms-playwright/chromium-1091/chrome-linux/chrome
[xUnit.net 00:00:02.24]       ╔════════════════════════════════════════════════════════════╗
[xUnit.net 00:00:02.24]       ║ Looks like Playwright was just installed or updated.       ║
[xUnit.net 00:00:02.24]       ║ Please run the following command to download new browsers: ║
[xUnit.net 00:00:02.24]       ║                                                            ║
[xUnit.net 00:00:02.24]       ║     pwsh bin/Debug/netX/playwright.ps1 install             ║
[xUnit.net 00:00:02.24]       ║                                                            ║
[xUnit.net 00:00:02.24]       ║ &lt;3 Playwright Team                                         ║
[xUnit.net 00:00:02.24]       ╚════════════════════════════════════════════════════════════╝
[xUnit.net 00:00:02.24]       Stack Trace:
[xUnit.net 00:00:02.25]         /_/src/Playwright/Transport/Connection.cs(209,0): at Microsoft.Playwright.Transport.Connection.InnerSendMessageToServerAsync[T](ChannelOwnerBase object, String method, Dictionary`2 dictionary, Boolean keepNulls)
[xUnit.net 00:00:02.25]         /_/src/Playwright/Transport/Connection.cs(535,0): at Microsoft.Playwright.Transport.Connection.WrapApiCallAsync[T](Func`1 action, Boolean isInternal)
[xUnit.net 00:00:02.25]         /_/src/Playwright/Core/BrowserType.cs(63,0): at Microsoft.Playwright.Core.BrowserType.LaunchAsync(BrowserTypeLaunchOptions options)
[xUnit.net 00:00:02.25]         /home/runner/work/soma/soma/tests/Soma.Platform.E2E.Tests/UnitTest1.cs(16,0): at Soma.Platform.E2E.Tests.AuthenticationE2ETests.InitializeAsync()
[xUnit.net 00:00:02.55]       Microsoft.Playwright.PlaywrightException : Executable doesn't exist at /home/runner/.cache/ms-playwright/chromium-1091/chrome-linux/chrome
[xUnit.net 00:00:02.55]       ╔════════════════════════════════════════════════════════════╗
[xUnit.net 00:00:02.55]       ║ Looks like Playwright was just installed or updated.       ║
[xUnit.net 00:00:02.55]       ║ Please run the following command to download new browsers: ║
[xUnit.net 00:00:02.55]       ║                                                            ║
[xUnit.net 00:00:02.55]       ║     pwsh bin/Debug/netX/playwright.ps1 install             ║
[xUnit.net 00:00:02.55]       ║                                                            ║
[xUnit.net 00:00:02.55]       ║ &lt;3 Playwright Team                                         ║
[xUnit.net 00:00:02.55]       ╚════════════════════════════════════════════════════════════╝
[xUnit.net 00:00:02.55]       Stack Trace:
[xUnit.net 00:00:02.55]         /_/src/Playwright/Transport/Connection.cs(209,0): at Microsoft.Playwright.Transport.Connection.InnerSendMessageToServerAsync[T](ChannelOwnerBase object, String method, Dictionary`2 dictionary, Boolean keepNulls)
[xUnit.net 00:00:02.55]         /_/src/Playwright/Transport/Connection.cs(535,0): at Microsoft.Playwright.Transport.Connection.WrapApiCallAsync[T](Func`1 action, Boolean isInternal)
[xUnit.net 00:00:02.55]         /_/src/Playwright/Core/BrowserType.cs(63,0): at Microsoft.Playwright.Core.BrowserType.LaunchAsync(BrowserTypeLaunchOptions options)
[xUnit.net 00:00:02.55]         /home/runner/work/soma/soma/tests/Soma.Platform.E2E.Tests/UnitTest1.cs(16,0): at Soma.Platform.E2E.Tests.AuthenticationE2ETests.InitializeAsync()
[xUnit.net 00:00:03.08]       Microsoft.Playwright.PlaywrightException : Executable doesn't exist at /home/runner/.cache/ms-playwright/chromium-1091/chrome-linux/chrome
[xUnit.net 00:00:03.08]       ╔════════════════════════════════════════════════════════════╗
[xUnit.net 00:00:03.08]       ║ Looks like Playwright was just installed or updated.       ║
[xUnit.net 00:00:03.08]       ║ Please run the following command to download new browsers: ║
[xUnit.net 00:00:03.08]       ║                                                            ║
[xUnit.net 00:00:03.08]       ║     pwsh bin/Debug/netX/playwright.ps1 install             ║
[xUnit.net 00:00:03.08]       ║                                                            ║
[xUnit.net 00:00:03.08]       ║ &lt;3 Playwright Team                                         ║
[xUnit.net 00:00:03.08]       ╚════════════════════════════════════════════════════════════╝
[xUnit.net 00:00:03.08]       Stack Trace:
[xUnit.net 00:00:03.08]         /_/src/Playwright/Transport/Connection.cs(209,0): at Microsoft.Playwright.Transport.Connection.InnerSendMessageToServerAsync[T](ChannelOwnerBase object, String method, Dictionary`2 dictionary, Boolean keepNulls)
[xUnit.net 00:00:03.08]         /_/src/Playwright/Transport/Connection.cs(535,0): at Microsoft.Playwright.Transport.Connection.WrapApiCallAsync[T](Func`1 action, Boolean isInternal)
[xUnit.net 00:00:03.08]         /_/src/Playwright/Core/BrowserType.cs(63,0): at Microsoft.Playwright.Core.BrowserType.LaunchAsync(BrowserTypeLaunchOptions options)
[xUnit.net 00:00:03.08]         /home/runner/work/soma/soma/tests/Soma.Platform.E2E.Tests/UnitTest1.cs(16,0): at Soma.Platform.E2E.Tests.AuthenticationE2ETests.InitializeAsync()
[xUnit.net 00:00:03.09]   Finished:    Soma.Platform.E2E.Tests
</StdOut>
    </Output>
    <RunInfos>
      <RunInfo computerName="fv-az788-431" outcome="Error" timestamp="2025-06-01T18:36:46.0689517+00:00">
        <Text>[xUnit.net 00:00:02.24]     Soma.Platform.E2E.Tests.AuthenticationE2ETests.LoginPage_ShouldLoadAndShowLoginForm [FAIL]</Text>
      </RunInfo>
      <RunInfo computerName="fv-az788-431" outcome="Error" timestamp="2025-06-01T18:36:46.3750907+00:00">
        <Text>[xUnit.net 00:00:02.55]     Soma.Platform.E2E.Tests.AuthenticationE2ETests.LoginFlow_WithValidCredentials_ShouldRedirectToDashboard [FAIL]</Text>
      </RunInfo>
      <RunInfo computerName="fv-az788-431" outcome="Error" timestamp="2025-06-01T18:36:46.9036321+00:00">
        <Text>[xUnit.net 00:00:03.08]     Soma.Platform.E2E.Tests.AuthenticationE2ETests.UserRegistrationFlow_ShouldCompleteSuccessfully [FAIL]</Text>
      </RunInfo>
    </RunInfos>
  </ResultSummary>
</TestRun>